<?xml version="1.0" encoding="UTF-8"?>
<!-- Generated by org.testng.reporters.JUnitReportReporter -->
<testsuite skipped="0" hostname="LAPTOP-OFIJ2E99" name="seleniumPractice.JenkinsDemoJobs" tests="1" failures="0" timestamp="25 Aug 2019 00:49:48 GMT" time="9.170" errors="0">
  <testcase name="jenkinsJob" time="9.170" classname="seleniumPractice.JenkinsDemoJobs"/>
</testsuite> <!-- seleniumPractice.JenkinsDemoJobs -->
