<?xml version="1.0" encoding="UTF-8"?>
<!-- Generated by org.testng.reporters.JUnitReportReporter -->
<testsuite skipped="0" hostname="LAPTOP-OFIJ2E99" name="seleniumPractice.IE_driverDemo" tests="1" failures="0" timestamp="2019-10-09T01:14:04 EDT" time="25.532" errors="0">
  <testcase name="launchIETest" time="25.532" classname="seleniumPractice.IE_driverDemo"/>
</testsuite> <!-- seleniumPractice.IE_driverDemo -->
